[2020-04-05 11:18:33,477][INFO ][restartedMain] Starting HottableApplication on zwt with PID 10824 (D:\供热系统\hottable\target\classes started by 张文焘 in D:\供热系统\hottable) (StartupInfoLogger.java:55)
[2020-04-05 11:18:33,485][INFO ][restartedMain] No active profile set, falling back to default profiles: default (SpringApplication.java:651)
[2020-04-05 11:18:33,522][INFO ][restartedMain] Devtools property defaults active! Set 'spring.devtools.add-properties' to 'false' to disable (DeferredLog.java:225)
[2020-04-05 11:18:33,522][INFO ][restartedMain] For additional web related logging consider setting the 'logging.level.web' property to 'DEBUG' (DeferredLog.java:225)
[2020-04-05 11:18:34,620][INFO ][restartedMain] Tomcat initialized with port(s): 8181 (http) (TomcatWebServer.java:92)
[2020-04-05 11:18:34,627][INFO ][restartedMain] Initializing ProtocolHandler ["http-nio-8181"] (DirectJDKLog.java:173)
[2020-04-05 11:18:34,628][INFO ][restartedMain] Starting service [Tomcat] (DirectJDKLog.java:173)
[2020-04-05 11:18:34,628][INFO ][restartedMain] Starting Servlet engine: [Apache Tomcat/9.0.33] (DirectJDKLog.java:173)
[2020-04-05 11:18:34,695][INFO ][restartedMain] Initializing Spring embedded WebApplicationContext (DirectJDKLog.java:173)
[2020-04-05 11:18:34,695][INFO ][restartedMain] Root WebApplicationContext: initialization completed in 1173 ms (ServletWebServerApplicationContext.java:284)
[2020-04-05 11:18:35,267][INFO ][restartedMain] Mapped URL path [/v2/api-docs] onto method [springfox.documentation.swagger2.web.Swagger2Controller#getDocumentation(String, HttpServletRequest)] (PropertySourcedRequestMappingHandlerMapping.java:69)
[2020-04-05 11:18:35,333][INFO ][restartedMain] Initializing ExecutorService 'applicationTaskExecutor' (ExecutorConfigurationSupport.java:181)
[2020-04-05 11:18:35,363][INFO ][restartedMain] LiveReload server is running on port 35729 (OptionalLiveReloadServer.java:58)
[2020-04-05 11:18:35,460][INFO ][restartedMain] Context refreshed (DocumentationPluginsBootstrapper.java:147)
[2020-04-05 11:18:35,477][INFO ][restartedMain] Found 1 custom documentation plugin(s) (DocumentationPluginsBootstrapper.java:150)
[2020-04-05 11:18:35,502][INFO ][restartedMain] Scanning for api listing references (ApiListingReferenceScanner.java:41)
[2020-04-05 11:18:35,632][INFO ][restartedMain] Starting ProtocolHandler ["http-nio-8181"] (DirectJDKLog.java:173)
[2020-04-05 11:18:35,650][INFO ][restartedMain] Tomcat started on port(s): 8181 (http) with context path '' (TomcatWebServer.java:204)
[2020-04-05 11:18:35,652][INFO ][restartedMain] Started HottableApplication in 2.462 seconds (JVM running for 3.831) (StartupInfoLogger.java:61)
[2020-04-05 11:27:40,845][INFO ][http-nio-8181-exec-1] Initializing Spring DispatcherServlet 'dispatcherServlet' (DirectJDKLog.java:173)
[2020-04-05 11:27:40,845][INFO ][http-nio-8181-exec-1] Initializing Servlet 'dispatcherServlet' (FrameworkServlet.java:525)
[2020-04-05 11:27:40,851][INFO ][http-nio-8181-exec-1] Completed initialization in 6 ms (FrameworkServlet.java:547)
[2020-04-05 11:27:40,954][INFO ][http-nio-8181-exec-2] HikariPool-1 - Starting... (HikariDataSource.java:110)
[2020-04-05 11:27:41,091][INFO ][http-nio-8181-exec-2] HikariPool-1 - Start completed. (HikariDataSource.java:123)
[2020-04-05 12:18:58,725][INFO ][restartedMain] Starting HottableApplication on zwt with PID 5248 (D:\供热系统\hottable\target\classes started by 张文焘 in D:\供热系统\hottable) (StartupInfoLogger.java:55)
[2020-04-05 12:18:58,733][INFO ][restartedMain] No active profile set, falling back to default profiles: default (SpringApplication.java:651)
[2020-04-05 12:18:58,771][INFO ][restartedMain] Devtools property defaults active! Set 'spring.devtools.add-properties' to 'false' to disable (DeferredLog.java:225)
[2020-04-05 12:18:58,771][INFO ][restartedMain] For additional web related logging consider setting the 'logging.level.web' property to 'DEBUG' (DeferredLog.java:225)
[2020-04-05 12:18:59,910][INFO ][restartedMain] Tomcat initialized with port(s): 8181 (http) (TomcatWebServer.java:92)
[2020-04-05 12:18:59,918][INFO ][restartedMain] Initializing ProtocolHandler ["http-nio-8181"] (DirectJDKLog.java:173)
[2020-04-05 12:18:59,918][INFO ][restartedMain] Starting service [Tomcat] (DirectJDKLog.java:173)
[2020-04-05 12:18:59,919][INFO ][restartedMain] Starting Servlet engine: [Apache Tomcat/9.0.33] (DirectJDKLog.java:173)
[2020-04-05 12:18:59,991][INFO ][restartedMain] Initializing Spring embedded WebApplicationContext (DirectJDKLog.java:173)
[2020-04-05 12:18:59,992][INFO ][restartedMain] Root WebApplicationContext: initialization completed in 1221 ms (ServletWebServerApplicationContext.java:284)
[2020-04-05 12:19:00,593][INFO ][restartedMain] Mapped URL path [/v2/api-docs] onto method [springfox.documentation.swagger2.web.Swagger2Controller#getDocumentation(String, HttpServletRequest)] (PropertySourcedRequestMappingHandlerMapping.java:69)
[2020-04-05 12:19:00,664][INFO ][restartedMain] Initializing ExecutorService 'applicationTaskExecutor' (ExecutorConfigurationSupport.java:181)
[2020-04-05 12:19:00,697][INFO ][restartedMain] LiveReload server is running on port 35729 (OptionalLiveReloadServer.java:58)
[2020-04-05 12:19:00,806][INFO ][restartedMain] Context refreshed (DocumentationPluginsBootstrapper.java:147)
[2020-04-05 12:19:00,818][INFO ][restartedMain] Found 1 custom documentation plugin(s) (DocumentationPluginsBootstrapper.java:150)
[2020-04-05 12:19:00,845][INFO ][restartedMain] Scanning for api listing references (ApiListingReferenceScanner.java:41)
[2020-04-05 12:19:00,967][INFO ][restartedMain] Starting ProtocolHandler ["http-nio-8181"] (DirectJDKLog.java:173)
[2020-04-05 12:19:00,984][INFO ][restartedMain] Tomcat started on port(s): 8181 (http) with context path '' (TomcatWebServer.java:204)
[2020-04-05 12:19:00,987][INFO ][restartedMain] Started HottableApplication in 2.603 seconds (JVM running for 4.128) (StartupInfoLogger.java:61)
[2020-04-05 12:20:50,511][INFO ][restartedMain] Starting HottableApplication on zwt with PID 7556 (D:\供热系统\hottable\target\classes started by 张文焘 in D:\供热系统\hottable) (StartupInfoLogger.java:55)
[2020-04-05 12:20:50,519][INFO ][restartedMain] No active profile set, falling back to default profiles: default (SpringApplication.java:651)
[2020-04-05 12:20:50,563][INFO ][restartedMain] Devtools property defaults active! Set 'spring.devtools.add-properties' to 'false' to disable (DeferredLog.java:225)
[2020-04-05 12:20:50,563][INFO ][restartedMain] For additional web related logging consider setting the 'logging.level.web' property to 'DEBUG' (DeferredLog.java:225)
[2020-04-05 12:20:51,640][INFO ][restartedMain] Tomcat initialized with port(s): 8181 (http) (TomcatWebServer.java:92)
[2020-04-05 12:20:51,648][INFO ][restartedMain] Initializing ProtocolHandler ["http-nio-8181"] (DirectJDKLog.java:173)
[2020-04-05 12:20:51,649][INFO ][restartedMain] Starting service [Tomcat] (DirectJDKLog.java:173)
[2020-04-05 12:20:51,649][INFO ][restartedMain] Starting Servlet engine: [Apache Tomcat/9.0.33] (DirectJDKLog.java:173)
[2020-04-05 12:20:51,724][INFO ][restartedMain] Initializing Spring embedded WebApplicationContext (DirectJDKLog.java:173)
[2020-04-05 12:20:51,724][INFO ][restartedMain] Root WebApplicationContext: initialization completed in 1161 ms (ServletWebServerApplicationContext.java:284)
[2020-04-05 12:20:52,272][INFO ][restartedMain] Mapped URL path [/v2/api-docs] onto method [springfox.documentation.swagger2.web.Swagger2Controller#getDocumentation(String, HttpServletRequest)] (PropertySourcedRequestMappingHandlerMapping.java:69)
[2020-04-05 12:20:52,348][INFO ][restartedMain] Initializing ExecutorService 'applicationTaskExecutor' (ExecutorConfigurationSupport.java:181)
[2020-04-05 12:20:52,379][INFO ][restartedMain] LiveReload server is running on port 35729 (OptionalLiveReloadServer.java:58)
[2020-04-05 12:20:52,480][INFO ][restartedMain] Context refreshed (DocumentationPluginsBootstrapper.java:147)
[2020-04-05 12:20:52,491][INFO ][restartedMain] Found 1 custom documentation plugin(s) (DocumentationPluginsBootstrapper.java:150)
[2020-04-05 12:20:52,516][INFO ][restartedMain] Scanning for api listing references (ApiListingReferenceScanner.java:41)
[2020-04-05 12:20:52,636][INFO ][restartedMain] Starting ProtocolHandler ["http-nio-8181"] (DirectJDKLog.java:173)
[2020-04-05 12:20:52,652][INFO ][restartedMain] Tomcat started on port(s): 8181 (http) with context path '' (TomcatWebServer.java:204)
[2020-04-05 12:20:52,655][INFO ][restartedMain] Started HottableApplication in 2.456 seconds (JVM running for 3.85) (StartupInfoLogger.java:61)
[2020-04-05 12:22:13,142][INFO ][restartedMain] Starting HottableApplication on zwt with PID 1564 (D:\供热系统\hottable\target\classes started by 张文焘 in D:\供热系统\hottable) (StartupInfoLogger.java:55)
[2020-04-05 12:22:13,149][INFO ][restartedMain] No active profile set, falling back to default profiles: default (SpringApplication.java:651)
[2020-04-05 12:22:13,185][INFO ][restartedMain] Devtools property defaults active! Set 'spring.devtools.add-properties' to 'false' to disable (DeferredLog.java:225)
[2020-04-05 12:22:13,185][INFO ][restartedMain] For additional web related logging consider setting the 'logging.level.web' property to 'DEBUG' (DeferredLog.java:225)
[2020-04-05 12:22:14,233][INFO ][restartedMain] Tomcat initialized with port(s): 8181 (http) (TomcatWebServer.java:92)
[2020-04-05 12:22:14,239][INFO ][restartedMain] Initializing ProtocolHandler ["http-nio-8181"] (DirectJDKLog.java:173)
[2020-04-05 12:22:14,240][INFO ][restartedMain] Starting service [Tomcat] (DirectJDKLog.java:173)
[2020-04-05 12:22:14,240][INFO ][restartedMain] Starting Servlet engine: [Apache Tomcat/9.0.33] (DirectJDKLog.java:173)
[2020-04-05 12:22:14,308][INFO ][restartedMain] Initializing Spring embedded WebApplicationContext (DirectJDKLog.java:173)
[2020-04-05 12:22:14,308][INFO ][restartedMain] Root WebApplicationContext: initialization completed in 1123 ms (ServletWebServerApplicationContext.java:284)
[2020-04-05 12:22:14,892][INFO ][restartedMain] Mapped URL path [/v2/api-docs] onto method [springfox.documentation.swagger2.web.Swagger2Controller#getDocumentation(String, HttpServletRequest)] (PropertySourcedRequestMappingHandlerMapping.java:69)
[2020-04-05 12:22:14,968][INFO ][restartedMain] Initializing ExecutorService 'applicationTaskExecutor' (ExecutorConfigurationSupport.java:181)
[2020-04-05 12:22:14,998][INFO ][restartedMain] LiveReload server is running on port 35729 (OptionalLiveReloadServer.java:58)
[2020-04-05 12:22:15,104][INFO ][restartedMain] Context refreshed (DocumentationPluginsBootstrapper.java:147)
[2020-04-05 12:22:15,116][INFO ][restartedMain] Found 1 custom documentation plugin(s) (DocumentationPluginsBootstrapper.java:150)
[2020-04-05 12:22:15,140][INFO ][restartedMain] Scanning for api listing references (ApiListingReferenceScanner.java:41)
[2020-04-05 12:22:15,266][INFO ][restartedMain] Starting ProtocolHandler ["http-nio-8181"] (DirectJDKLog.java:173)
[2020-04-05 12:22:15,282][INFO ][restartedMain] Tomcat started on port(s): 8181 (http) with context path '' (TomcatWebServer.java:204)
[2020-04-05 12:22:15,284][INFO ][restartedMain] Started HottableApplication in 2.467 seconds (JVM running for 3.886) (StartupInfoLogger.java:61)
[2020-04-05 12:22:36,953][INFO ][restartedMain] Starting HottableApplication on zwt with PID 17140 (D:\供热系统\hottable\target\classes started by 张文焘 in D:\供热系统\hottable) (StartupInfoLogger.java:55)
[2020-04-05 12:22:36,961][INFO ][restartedMain] No active profile set, falling back to default profiles: default (SpringApplication.java:651)
[2020-04-05 12:22:36,995][INFO ][restartedMain] Devtools property defaults active! Set 'spring.devtools.add-properties' to 'false' to disable (DeferredLog.java:225)
[2020-04-05 12:22:36,995][INFO ][restartedMain] For additional web related logging consider setting the 'logging.level.web' property to 'DEBUG' (DeferredLog.java:225)
[2020-04-05 12:22:38,040][INFO ][restartedMain] Tomcat initialized with port(s): 8181 (http) (TomcatWebServer.java:92)
[2020-04-05 12:22:38,048][INFO ][restartedMain] Initializing ProtocolHandler ["http-nio-8181"] (DirectJDKLog.java:173)
[2020-04-05 12:22:38,048][INFO ][restartedMain] Starting service [Tomcat] (DirectJDKLog.java:173)
[2020-04-05 12:22:38,049][INFO ][restartedMain] Starting Servlet engine: [Apache Tomcat/9.0.33] (DirectJDKLog.java:173)
[2020-04-05 12:22:38,127][INFO ][restartedMain] Initializing Spring embedded WebApplicationContext (DirectJDKLog.java:173)
[2020-04-05 12:22:38,127][INFO ][restartedMain] Root WebApplicationContext: initialization completed in 1132 ms (ServletWebServerApplicationContext.java:284)
[2020-04-05 12:22:38,689][INFO ][restartedMain] Mapped URL path [/v2/api-docs] onto method [springfox.documentation.swagger2.web.Swagger2Controller#getDocumentation(String, HttpServletRequest)] (PropertySourcedRequestMappingHandlerMapping.java:69)
[2020-04-05 12:22:38,764][INFO ][restartedMain] Initializing ExecutorService 'applicationTaskExecutor' (ExecutorConfigurationSupport.java:181)
[2020-04-05 12:22:38,792][INFO ][restartedMain] LiveReload server is running on port 35729 (OptionalLiveReloadServer.java:58)
[2020-04-05 12:22:38,903][INFO ][restartedMain] Context refreshed (DocumentationPluginsBootstrapper.java:147)
[2020-04-05 12:22:38,916][INFO ][restartedMain] Found 1 custom documentation plugin(s) (DocumentationPluginsBootstrapper.java:150)
[2020-04-05 12:22:38,946][INFO ][restartedMain] Scanning for api listing references (ApiListingReferenceScanner.java:41)
[2020-04-05 12:22:39,077][INFO ][restartedMain] Starting ProtocolHandler ["http-nio-8181"] (DirectJDKLog.java:173)
[2020-04-05 12:22:39,095][INFO ][restartedMain] Tomcat started on port(s): 8181 (http) with context path '' (TomcatWebServer.java:204)
[2020-04-05 12:22:39,098][INFO ][restartedMain] Started HottableApplication in 2.445 seconds (JVM running for 3.82) (StartupInfoLogger.java:61)
[2020-04-05 12:24:56,641][INFO ][restartedMain] Starting HottableApplication on zwt with PID 18212 (D:\供热系统\hottable\target\classes started by 张文焘 in D:\供热系统\hottable) (StartupInfoLogger.java:55)
[2020-04-05 12:24:56,649][INFO ][restartedMain] No active profile set, falling back to default profiles: default (SpringApplication.java:651)
[2020-04-05 12:24:56,685][INFO ][restartedMain] Devtools property defaults active! Set 'spring.devtools.add-properties' to 'false' to disable (DeferredLog.java:225)
[2020-04-05 12:24:56,686][INFO ][restartedMain] For additional web related logging consider setting the 'logging.level.web' property to 'DEBUG' (DeferredLog.java:225)
[2020-04-05 12:24:57,702][INFO ][restartedMain] Tomcat initialized with port(s): 8181 (http) (TomcatWebServer.java:92)
[2020-04-05 12:24:57,709][INFO ][restartedMain] Initializing ProtocolHandler ["http-nio-8181"] (DirectJDKLog.java:173)
[2020-04-05 12:24:57,709][INFO ][restartedMain] Starting service [Tomcat] (DirectJDKLog.java:173)
[2020-04-05 12:24:57,710][INFO ][restartedMain] Starting Servlet engine: [Apache Tomcat/9.0.33] (DirectJDKLog.java:173)
[2020-04-05 12:24:57,786][INFO ][restartedMain] Initializing Spring embedded WebApplicationContext (DirectJDKLog.java:173)
[2020-04-05 12:24:57,786][INFO ][restartedMain] Root WebApplicationContext: initialization completed in 1100 ms (ServletWebServerApplicationContext.java:284)
[2020-04-05 12:24:58,306][INFO ][restartedMain] Mapped URL path [/v2/api-docs] onto method [springfox.documentation.swagger2.web.Swagger2Controller#getDocumentation(String, HttpServletRequest)] (PropertySourcedRequestMappingHandlerMapping.java:69)
[2020-04-05 12:24:58,373][INFO ][restartedMain] Initializing ExecutorService 'applicationTaskExecutor' (ExecutorConfigurationSupport.java:181)
[2020-04-05 12:24:58,404][INFO ][restartedMain] LiveReload server is running on port 35729 (OptionalLiveReloadServer.java:58)
[2020-04-05 12:24:58,502][INFO ][restartedMain] Context refreshed (DocumentationPluginsBootstrapper.java:147)
[2020-04-05 12:24:58,513][INFO ][restartedMain] Found 1 custom documentation plugin(s) (DocumentationPluginsBootstrapper.java:150)
[2020-04-05 12:24:58,538][INFO ][restartedMain] Scanning for api listing references (ApiListingReferenceScanner.java:41)
[2020-04-05 12:24:58,666][INFO ][restartedMain] Starting ProtocolHandler ["http-nio-8181"] (DirectJDKLog.java:173)
[2020-04-05 12:24:58,683][INFO ][restartedMain] Tomcat started on port(s): 8181 (http) with context path '' (TomcatWebServer.java:204)
[2020-04-05 12:24:58,685][INFO ][restartedMain] Started HottableApplication in 2.355 seconds (JVM running for 3.714) (StartupInfoLogger.java:61)
[2020-04-05 12:25:29,568][INFO ][restartedMain] Starting HottableApplication on zwt with PID 13896 (D:\供热系统\hottable\target\classes started by 张文焘 in D:\供热系统\hottable) (StartupInfoLogger.java:55)
[2020-04-05 12:25:29,576][INFO ][restartedMain] No active profile set, falling back to default profiles: default (SpringApplication.java:651)
[2020-04-05 12:25:29,610][INFO ][restartedMain] Devtools property defaults active! Set 'spring.devtools.add-properties' to 'false' to disable (DeferredLog.java:225)
[2020-04-05 12:25:29,610][INFO ][restartedMain] For additional web related logging consider setting the 'logging.level.web' property to 'DEBUG' (DeferredLog.java:225)
[2020-04-05 12:25:30,655][INFO ][restartedMain] Tomcat initialized with port(s): 8181 (http) (TomcatWebServer.java:92)
[2020-04-05 12:25:30,661][INFO ][restartedMain] Initializing ProtocolHandler ["http-nio-8181"] (DirectJDKLog.java:173)
[2020-04-05 12:25:30,662][INFO ][restartedMain] Starting service [Tomcat] (DirectJDKLog.java:173)
[2020-04-05 12:25:30,663][INFO ][restartedMain] Starting Servlet engine: [Apache Tomcat/9.0.33] (DirectJDKLog.java:173)
[2020-04-05 12:25:30,733][INFO ][restartedMain] Initializing Spring embedded WebApplicationContext (DirectJDKLog.java:173)
[2020-04-05 12:25:30,734][INFO ][restartedMain] Root WebApplicationContext: initialization completed in 1123 ms (ServletWebServerApplicationContext.java:284)
[2020-04-05 12:25:31,272][INFO ][restartedMain] Mapped URL path [/v2/api-docs] onto method [springfox.documentation.swagger2.web.Swagger2Controller#getDocumentation(String, HttpServletRequest)] (PropertySourcedRequestMappingHandlerMapping.java:69)
[2020-04-05 12:25:31,338][INFO ][restartedMain] Initializing ExecutorService 'applicationTaskExecutor' (ExecutorConfigurationSupport.java:181)
[2020-04-05 12:25:31,370][INFO ][restartedMain] LiveReload server is running on port 35729 (OptionalLiveReloadServer.java:58)
[2020-04-05 12:25:31,480][INFO ][restartedMain] Context refreshed (DocumentationPluginsBootstrapper.java:147)
[2020-04-05 12:25:31,491][INFO ][restartedMain] Found 1 custom documentation plugin(s) (DocumentationPluginsBootstrapper.java:150)
[2020-04-05 12:25:31,514][INFO ][restartedMain] Scanning for api listing references (ApiListingReferenceScanner.java:41)
[2020-04-05 12:25:31,628][INFO ][restartedMain] Starting ProtocolHandler ["http-nio-8181"] (DirectJDKLog.java:173)
[2020-04-05 12:25:31,648][INFO ][restartedMain] Tomcat started on port(s): 8181 (http) with context path '' (TomcatWebServer.java:204)
[2020-04-05 12:25:31,651][INFO ][restartedMain] Started HottableApplication in 2.398 seconds (JVM running for 3.847) (StartupInfoLogger.java:61)
[2020-04-05 12:25:41,087][INFO ][restartedMain] Starting HottableApplication on zwt with PID 2160 (D:\供热系统\hottable\target\classes started by 张文焘 in D:\供热系统\hottable) (StartupInfoLogger.java:55)
[2020-04-05 12:25:41,094][INFO ][restartedMain] No active profile set, falling back to default profiles: default (SpringApplication.java:651)
[2020-04-05 12:25:41,131][INFO ][restartedMain] Devtools property defaults active! Set 'spring.devtools.add-properties' to 'false' to disable (DeferredLog.java:225)
[2020-04-05 12:25:41,132][INFO ][restartedMain] For additional web related logging consider setting the 'logging.level.web' property to 'DEBUG' (DeferredLog.java:225)
[2020-04-05 12:25:42,229][INFO ][restartedMain] Tomcat initialized with port(s): 8181 (http) (TomcatWebServer.java:92)
[2020-04-05 12:25:42,236][INFO ][restartedMain] Initializing ProtocolHandler ["http-nio-8181"] (DirectJDKLog.java:173)
[2020-04-05 12:25:42,236][INFO ][restartedMain] Starting service [Tomcat] (DirectJDKLog.java:173)
[2020-04-05 12:25:42,237][INFO ][restartedMain] Starting Servlet engine: [Apache Tomcat/9.0.33] (DirectJDKLog.java:173)
[2020-04-05 12:25:42,309][INFO ][restartedMain] Initializing Spring embedded WebApplicationContext (DirectJDKLog.java:173)
[2020-04-05 12:25:42,310][INFO ][restartedMain] Root WebApplicationContext: initialization completed in 1178 ms (ServletWebServerApplicationContext.java:284)
[2020-04-05 12:25:42,876][INFO ][restartedMain] Mapped URL path [/v2/api-docs] onto method [springfox.documentation.swagger2.web.Swagger2Controller#getDocumentation(String, HttpServletRequest)] (PropertySourcedRequestMappingHandlerMapping.java:69)
[2020-04-05 12:25:42,943][INFO ][restartedMain] Initializing ExecutorService 'applicationTaskExecutor' (ExecutorConfigurationSupport.java:181)
[2020-04-05 12:25:42,973][INFO ][restartedMain] LiveReload server is running on port 35729 (OptionalLiveReloadServer.java:58)
[2020-04-05 12:25:43,074][INFO ][restartedMain] Context refreshed (DocumentationPluginsBootstrapper.java:147)
[2020-04-05 12:25:43,085][INFO ][restartedMain] Found 1 custom documentation plugin(s) (DocumentationPluginsBootstrapper.java:150)
[2020-04-05 12:25:43,110][INFO ][restartedMain] Scanning for api listing references (ApiListingReferenceScanner.java:41)
[2020-04-05 12:25:43,237][INFO ][restartedMain] Starting ProtocolHandler ["http-nio-8181"] (DirectJDKLog.java:173)
[2020-04-05 12:25:43,258][INFO ][restartedMain] Tomcat started on port(s): 8181 (http) with context path '' (TomcatWebServer.java:204)
[2020-04-05 12:25:43,260][INFO ][restartedMain] Started HottableApplication in 2.483 seconds (JVM running for 3.902) (StartupInfoLogger.java:61)
[2020-04-05 12:27:25,727][INFO ][restartedMain] Starting HottableApplication on zwt with PID 19608 (D:\供热系统\hottable\target\classes started by 张文焘 in D:\供热系统\hottable) (StartupInfoLogger.java:55)
[2020-04-05 12:27:25,734][INFO ][restartedMain] No active profile set, falling back to default profiles: default (SpringApplication.java:651)
[2020-04-05 12:27:25,769][INFO ][restartedMain] Devtools property defaults active! Set 'spring.devtools.add-properties' to 'false' to disable (DeferredLog.java:225)
[2020-04-05 12:27:25,769][INFO ][restartedMain] For additional web related logging consider setting the 'logging.level.web' property to 'DEBUG' (DeferredLog.java:225)
[2020-04-05 12:27:26,810][INFO ][restartedMain] Tomcat initialized with port(s): 8181 (http) (TomcatWebServer.java:92)
[2020-04-05 12:27:26,816][INFO ][restartedMain] Initializing ProtocolHandler ["http-nio-8181"] (DirectJDKLog.java:173)
[2020-04-05 12:27:26,817][INFO ][restartedMain] Starting service [Tomcat] (DirectJDKLog.java:173)
[2020-04-05 12:27:26,818][INFO ][restartedMain] Starting Servlet engine: [Apache Tomcat/9.0.33] (DirectJDKLog.java:173)
[2020-04-05 12:27:26,894][INFO ][restartedMain] Initializing Spring embedded WebApplicationContext (DirectJDKLog.java:173)
[2020-04-05 12:27:26,894][INFO ][restartedMain] Root WebApplicationContext: initialization completed in 1125 ms (ServletWebServerApplicationContext.java:284)
[2020-04-05 12:27:27,433][INFO ][restartedMain] Mapped URL path [/v2/api-docs] onto method [springfox.documentation.swagger2.web.Swagger2Controller#getDocumentation(String, HttpServletRequest)] (PropertySourcedRequestMappingHandlerMapping.java:69)
[2020-04-05 12:27:27,498][INFO ][restartedMain] Initializing ExecutorService 'applicationTaskExecutor' (ExecutorConfigurationSupport.java:181)
[2020-04-05 12:27:27,527][INFO ][restartedMain] LiveReload server is running on port 35729 (OptionalLiveReloadServer.java:58)
[2020-04-05 12:27:27,625][INFO ][restartedMain] Context refreshed (DocumentationPluginsBootstrapper.java:147)
[2020-04-05 12:27:27,636][INFO ][restartedMain] Found 1 custom documentation plugin(s) (DocumentationPluginsBootstrapper.java:150)
[2020-04-05 12:27:27,660][INFO ][restartedMain] Scanning for api listing references (ApiListingReferenceScanner.java:41)
[2020-04-05 12:27:27,776][INFO ][restartedMain] Starting ProtocolHandler ["http-nio-8181"] (DirectJDKLog.java:173)
[2020-04-05 12:27:27,791][INFO ][restartedMain] Tomcat started on port(s): 8181 (http) with context path '' (TomcatWebServer.java:204)
[2020-04-05 12:27:27,794][INFO ][restartedMain] Started HottableApplication in 2.352 seconds (JVM running for 3.699) (StartupInfoLogger.java:61)
[2020-04-05 12:27:42,524][INFO ][restartedMain] Starting HottableApplication on zwt with PID 19200 (D:\供热系统\hottable\target\classes started by 张文焘 in D:\供热系统\hottable) (StartupInfoLogger.java:55)
[2020-04-05 12:27:42,531][INFO ][restartedMain] No active profile set, falling back to default profiles: default (SpringApplication.java:651)
[2020-04-05 12:27:42,566][INFO ][restartedMain] Devtools property defaults active! Set 'spring.devtools.add-properties' to 'false' to disable (DeferredLog.java:225)
[2020-04-05 12:27:42,566][INFO ][restartedMain] For additional web related logging consider setting the 'logging.level.web' property to 'DEBUG' (DeferredLog.java:225)
[2020-04-05 12:27:43,595][INFO ][restartedMain] Tomcat initialized with port(s): 8181 (http) (TomcatWebServer.java:92)
[2020-04-05 12:27:43,601][INFO ][restartedMain] Initializing ProtocolHandler ["http-nio-8181"] (DirectJDKLog.java:173)
[2020-04-05 12:27:43,602][INFO ][restartedMain] Starting service [Tomcat] (DirectJDKLog.java:173)
[2020-04-05 12:27:43,602][INFO ][restartedMain] Starting Servlet engine: [Apache Tomcat/9.0.33] (DirectJDKLog.java:173)
[2020-04-05 12:27:43,669][INFO ][restartedMain] Initializing Spring embedded WebApplicationContext (DirectJDKLog.java:173)
[2020-04-05 12:27:43,670][INFO ][restartedMain] Root WebApplicationContext: initialization completed in 1102 ms (ServletWebServerApplicationContext.java:284)
[2020-04-05 12:27:44,216][INFO ][restartedMain] Mapped URL path [/v2/api-docs] onto method [springfox.documentation.swagger2.web.Swagger2Controller#getDocumentation(String, HttpServletRequest)] (PropertySourcedRequestMappingHandlerMapping.java:69)
[2020-04-05 12:27:44,281][INFO ][restartedMain] Initializing ExecutorService 'applicationTaskExecutor' (ExecutorConfigurationSupport.java:181)
[2020-04-05 12:27:44,310][INFO ][restartedMain] LiveReload server is running on port 35729 (OptionalLiveReloadServer.java:58)
[2020-04-05 12:27:44,409][INFO ][restartedMain] Context refreshed (DocumentationPluginsBootstrapper.java:147)
[2020-04-05 12:27:44,420][INFO ][restartedMain] Found 1 custom documentation plugin(s) (DocumentationPluginsBootstrapper.java:150)
[2020-04-05 12:27:44,443][INFO ][restartedMain] Scanning for api listing references (ApiListingReferenceScanner.java:41)
[2020-04-05 12:27:44,560][INFO ][restartedMain] Starting ProtocolHandler ["http-nio-8181"] (DirectJDKLog.java:173)
[2020-04-05 12:27:44,577][INFO ][restartedMain] Tomcat started on port(s): 8181 (http) with context path '' (TomcatWebServer.java:204)
[2020-04-05 12:27:44,579][INFO ][restartedMain] Started HottableApplication in 2.35 seconds (JVM running for 3.707) (StartupInfoLogger.java:61)
[2020-04-05 12:28:09,876][INFO ][restartedMain] Starting HottableApplication on zwt with PID 5160 (D:\供热系统\hottable\target\classes started by 张文焘 in D:\供热系统\hottable) (StartupInfoLogger.java:55)
[2020-04-05 12:28:09,882][INFO ][restartedMain] No active profile set, falling back to default profiles: default (SpringApplication.java:651)
[2020-04-05 12:28:09,920][INFO ][restartedMain] Devtools property defaults active! Set 'spring.devtools.add-properties' to 'false' to disable (DeferredLog.java:225)
[2020-04-05 12:28:09,921][INFO ][restartedMain] For additional web related logging consider setting the 'logging.level.web' property to 'DEBUG' (DeferredLog.java:225)
[2020-04-05 12:28:10,918][INFO ][restartedMain] Tomcat initialized with port(s): 8181 (http) (TomcatWebServer.java:92)
[2020-04-05 12:28:10,924][INFO ][restartedMain] Initializing ProtocolHandler ["http-nio-8181"] (DirectJDKLog.java:173)
[2020-04-05 12:28:10,925][INFO ][restartedMain] Starting service [Tomcat] (DirectJDKLog.java:173)
[2020-04-05 12:28:10,925][INFO ][restartedMain] Starting Servlet engine: [Apache Tomcat/9.0.33] (DirectJDKLog.java:173)
[2020-04-05 12:28:10,993][INFO ][restartedMain] Initializing Spring embedded WebApplicationContext (DirectJDKLog.java:173)
[2020-04-05 12:28:10,993][INFO ][restartedMain] Root WebApplicationContext: initialization completed in 1072 ms (ServletWebServerApplicationContext.java:284)
[2020-04-05 12:28:11,528][INFO ][restartedMain] Mapped URL path [/v2/api-docs] onto method [springfox.documentation.swagger2.web.Swagger2Controller#getDocumentation(String, HttpServletRequest)] (PropertySourcedRequestMappingHandlerMapping.java:69)
[2020-04-05 12:28:11,594][INFO ][restartedMain] Initializing ExecutorService 'applicationTaskExecutor' (ExecutorConfigurationSupport.java:181)
[2020-04-05 12:28:11,622][INFO ][restartedMain] LiveReload server is running on port 35729 (OptionalLiveReloadServer.java:58)
[2020-04-05 12:28:11,719][INFO ][restartedMain] Context refreshed (DocumentationPluginsBootstrapper.java:147)
[2020-04-05 12:28:11,729][INFO ][restartedMain] Found 1 custom documentation plugin(s) (DocumentationPluginsBootstrapper.java:150)
[2020-04-05 12:28:11,752][INFO ][restartedMain] Scanning for api listing references (ApiListingReferenceScanner.java:41)
[2020-04-05 12:28:11,873][INFO ][restartedMain] Starting ProtocolHandler ["http-nio-8181"] (DirectJDKLog.java:173)
[2020-04-05 12:28:11,888][INFO ][restartedMain] Tomcat started on port(s): 8181 (http) with context path '' (TomcatWebServer.java:204)
[2020-04-05 12:28:11,891][INFO ][restartedMain] Started HottableApplication in 2.297 seconds (JVM running for 3.728) (StartupInfoLogger.java:61)
[2020-04-05 12:30:39,095][INFO ][restartedMain] Starting HottableApplication on zwt with PID 13940 (D:\供热系统\hottable\target\classes started by 张文焘 in D:\供热系统\hottable) (StartupInfoLogger.java:55)
[2020-04-05 12:30:39,101][INFO ][restartedMain] No active profile set, falling back to default profiles: default (SpringApplication.java:651)
[2020-04-05 12:30:39,138][INFO ][restartedMain] Devtools property defaults active! Set 'spring.devtools.add-properties' to 'false' to disable (DeferredLog.java:225)
[2020-04-05 12:30:39,139][INFO ][restartedMain] For additional web related logging consider setting the 'logging.level.web' property to 'DEBUG' (DeferredLog.java:225)
[2020-04-05 12:30:40,515][INFO ][restartedMain] Tomcat initialized with port(s): 8181 (http) (TomcatWebServer.java:92)
[2020-04-05 12:30:40,522][INFO ][restartedMain] Initializing ProtocolHandler ["http-nio-8181"] (DirectJDKLog.java:173)
[2020-04-05 12:30:40,522][INFO ][restartedMain] Starting service [Tomcat] (DirectJDKLog.java:173)
[2020-04-05 12:30:40,523][INFO ][restartedMain] Starting Servlet engine: [Apache Tomcat/9.0.33] (DirectJDKLog.java:173)
[2020-04-05 12:30:40,593][INFO ][restartedMain] Initializing Spring embedded WebApplicationContext (DirectJDKLog.java:173)
[2020-04-05 12:30:40,593][INFO ][restartedMain] Root WebApplicationContext: initialization completed in 1454 ms (ServletWebServerApplicationContext.java:284)
[2020-04-05 12:30:41,201][INFO ][restartedMain] Mapped URL path [/v2/api-docs] onto method [springfox.documentation.swagger2.web.Swagger2Controller#getDocumentation(String, HttpServletRequest)] (PropertySourcedRequestMappingHandlerMapping.java:69)
[2020-04-05 12:30:41,270][INFO ][restartedMain] Initializing ExecutorService 'applicationTaskExecutor' (ExecutorConfigurationSupport.java:181)
[2020-04-05 12:30:41,299][INFO ][restartedMain] LiveReload server is running on port 35729 (OptionalLiveReloadServer.java:58)
[2020-04-05 12:30:41,401][INFO ][restartedMain] Context refreshed (DocumentationPluginsBootstrapper.java:147)
[2020-04-05 12:30:41,414][INFO ][restartedMain] Found 1 custom documentation plugin(s) (DocumentationPluginsBootstrapper.java:150)
[2020-04-05 12:30:41,442][INFO ][restartedMain] Scanning for api listing references (ApiListingReferenceScanner.java:41)
[2020-04-05 12:30:41,576][INFO ][restartedMain] Starting ProtocolHandler ["http-nio-8181"] (DirectJDKLog.java:173)
[2020-04-05 12:30:41,595][INFO ][restartedMain] Tomcat started on port(s): 8181 (http) with context path '' (TomcatWebServer.java:204)
[2020-04-05 12:30:41,598][INFO ][restartedMain] Started HottableApplication in 2.844 seconds (JVM running for 4.314) (StartupInfoLogger.java:61)
[2020-04-05 12:32:47,393][INFO ][restartedMain] Starting HottableApplication on zwt with PID 19932 (D:\供热系统\hottable\target\classes started by 张文焘 in D:\供热系统\hottable) (StartupInfoLogger.java:55)
[2020-04-05 12:32:47,400][INFO ][restartedMain] No active profile set, falling back to default profiles: default (SpringApplication.java:651)
[2020-04-05 12:32:47,435][INFO ][restartedMain] Devtools property defaults active! Set 'spring.devtools.add-properties' to 'false' to disable (DeferredLog.java:225)
[2020-04-05 12:32:47,435][INFO ][restartedMain] For additional web related logging consider setting the 'logging.level.web' property to 'DEBUG' (DeferredLog.java:225)
[2020-04-05 12:32:48,433][INFO ][restartedMain] Tomcat initialized with port(s): 8181 (http) (TomcatWebServer.java:92)
[2020-04-05 12:32:48,440][INFO ][restartedMain] Initializing ProtocolHandler ["http-nio-8181"] (DirectJDKLog.java:173)
[2020-04-05 12:32:48,440][INFO ][restartedMain] Starting service [Tomcat] (DirectJDKLog.java:173)
[2020-04-05 12:32:48,441][INFO ][restartedMain] Starting Servlet engine: [Apache Tomcat/9.0.33] (DirectJDKLog.java:173)
[2020-04-05 12:32:48,512][INFO ][restartedMain] Initializing Spring embedded WebApplicationContext (DirectJDKLog.java:173)
[2020-04-05 12:32:48,512][INFO ][restartedMain] Root WebApplicationContext: initialization completed in 1077 ms (ServletWebServerApplicationContext.java:284)
[2020-04-05 12:32:49,049][INFO ][restartedMain] Mapped URL path [/v2/api-docs] onto method [springfox.documentation.swagger2.web.Swagger2Controller#getDocumentation(String, HttpServletRequest)] (PropertySourcedRequestMappingHandlerMapping.java:69)
[2020-04-05 12:32:49,118][INFO ][restartedMain] Initializing ExecutorService 'applicationTaskExecutor' (ExecutorConfigurationSupport.java:181)
[2020-04-05 12:32:49,145][INFO ][restartedMain] LiveReload server is running on port 35729 (OptionalLiveReloadServer.java:58)
[2020-04-05 12:32:49,243][INFO ][restartedMain] Context refreshed (DocumentationPluginsBootstrapper.java:147)
[2020-04-05 12:32:49,254][INFO ][restartedMain] Found 1 custom documentation plugin(s) (DocumentationPluginsBootstrapper.java:150)
[2020-04-05 12:32:49,279][INFO ][restartedMain] Scanning for api listing references (ApiListingReferenceScanner.java:41)
[2020-04-05 12:32:49,397][INFO ][restartedMain] Starting ProtocolHandler ["http-nio-8181"] (DirectJDKLog.java:173)
[2020-04-05 12:32:49,413][INFO ][restartedMain] Tomcat started on port(s): 8181 (http) with context path '' (TomcatWebServer.java:204)
[2020-04-05 12:32:49,416][INFO ][restartedMain] Started HottableApplication in 2.307 seconds (JVM running for 3.683) (StartupInfoLogger.java:61)
[2020-04-05 12:33:26,760][INFO ][restartedMain] Starting HottableApplication on zwt with PID 20380 (D:\供热系统\hottable\target\classes started by 张文焘 in D:\供热系统\hottable) (StartupInfoLogger.java:55)
[2020-04-05 12:33:26,766][INFO ][restartedMain] No active profile set, falling back to default profiles: default (SpringApplication.java:651)
[2020-04-05 12:33:26,801][INFO ][restartedMain] Devtools property defaults active! Set 'spring.devtools.add-properties' to 'false' to disable (DeferredLog.java:225)
[2020-04-05 12:33:26,801][INFO ][restartedMain] For additional web related logging consider setting the 'logging.level.web' property to 'DEBUG' (DeferredLog.java:225)
[2020-04-05 12:33:27,814][INFO ][restartedMain] Tomcat initialized with port(s): 8181 (http) (TomcatWebServer.java:92)
[2020-04-05 12:33:27,820][INFO ][restartedMain] Initializing ProtocolHandler ["http-nio-8181"] (DirectJDKLog.java:173)
[2020-04-05 12:33:27,821][INFO ][restartedMain] Starting service [Tomcat] (DirectJDKLog.java:173)
[2020-04-05 12:33:27,821][INFO ][restartedMain] Starting Servlet engine: [Apache Tomcat/9.0.33] (DirectJDKLog.java:173)
[2020-04-05 12:33:27,889][INFO ][restartedMain] Initializing Spring embedded WebApplicationContext (DirectJDKLog.java:173)
[2020-04-05 12:33:27,890][INFO ][restartedMain] Root WebApplicationContext: initialization completed in 1088 ms (ServletWebServerApplicationContext.java:284)
[2020-04-05 12:33:28,461][INFO ][restartedMain] Mapped URL path [/v2/api-docs] onto method [springfox.documentation.swagger2.web.Swagger2Controller#getDocumentation(String, HttpServletRequest)] (PropertySourcedRequestMappingHandlerMapping.java:69)
[2020-04-05 12:33:28,530][INFO ][restartedMain] Initializing ExecutorService 'applicationTaskExecutor' (ExecutorConfigurationSupport.java:181)
[2020-04-05 12:33:28,558][INFO ][restartedMain] LiveReload server is running on port 35729 (OptionalLiveReloadServer.java:58)
[2020-04-05 12:33:28,656][INFO ][restartedMain] Context refreshed (DocumentationPluginsBootstrapper.java:147)
[2020-04-05 12:33:28,667][INFO ][restartedMain] Found 1 custom documentation plugin(s) (DocumentationPluginsBootstrapper.java:150)
[2020-04-05 12:33:28,691][INFO ][restartedMain] Scanning for api listing references (ApiListingReferenceScanner.java:41)
[2020-04-05 12:33:28,813][INFO ][restartedMain] Starting ProtocolHandler ["http-nio-8181"] (DirectJDKLog.java:173)
[2020-04-05 12:33:28,830][INFO ][restartedMain] Tomcat started on port(s): 8181 (http) with context path '' (TomcatWebServer.java:204)
[2020-04-05 12:33:28,832][INFO ][restartedMain] Started HottableApplication in 2.355 seconds (JVM running for 3.704) (StartupInfoLogger.java:61)
[2020-04-05 12:34:55,359][INFO ][restartedMain] Starting HottableApplication on zwt with PID 18612 (D:\供热系统\hottable\target\classes started by 张文焘 in D:\供热系统\hottable) (StartupInfoLogger.java:55)
[2020-04-05 12:34:55,366][INFO ][restartedMain] No active profile set, falling back to default profiles: default (SpringApplication.java:651)
[2020-04-05 12:34:55,403][INFO ][restartedMain] Devtools property defaults active! Set 'spring.devtools.add-properties' to 'false' to disable (DeferredLog.java:225)
[2020-04-05 12:34:55,403][INFO ][restartedMain] For additional web related logging consider setting the 'logging.level.web' property to 'DEBUG' (DeferredLog.java:225)
[2020-04-05 12:34:56,423][INFO ][restartedMain] Tomcat initialized with port(s): 8181 (http) (TomcatWebServer.java:92)
[2020-04-05 12:34:56,430][INFO ][restartedMain] Initializing ProtocolHandler ["http-nio-8181"] (DirectJDKLog.java:173)
[2020-04-05 12:34:56,430][INFO ][restartedMain] Starting service [Tomcat] (DirectJDKLog.java:173)
[2020-04-05 12:34:56,431][INFO ][restartedMain] Starting Servlet engine: [Apache Tomcat/9.0.33] (DirectJDKLog.java:173)
[2020-04-05 12:34:56,499][INFO ][restartedMain] Initializing Spring embedded WebApplicationContext (DirectJDKLog.java:173)
[2020-04-05 12:34:56,499][INFO ][restartedMain] Root WebApplicationContext: initialization completed in 1096 ms (ServletWebServerApplicationContext.java:284)
[2020-04-05 12:34:57,047][INFO ][restartedMain] Mapped URL path [/v2/api-docs] onto method [springfox.documentation.swagger2.web.Swagger2Controller#getDocumentation(String, HttpServletRequest)] (PropertySourcedRequestMappingHandlerMapping.java:69)
[2020-04-05 12:34:57,123][INFO ][restartedMain] Initializing ExecutorService 'applicationTaskExecutor' (ExecutorConfigurationSupport.java:181)
[2020-04-05 12:34:57,152][INFO ][restartedMain] LiveReload server is running on port 35729 (OptionalLiveReloadServer.java:58)
[2020-04-05 12:34:57,251][INFO ][restartedMain] Context refreshed (DocumentationPluginsBootstrapper.java:147)
[2020-04-05 12:34:57,264][INFO ][restartedMain] Found 1 custom documentation plugin(s) (DocumentationPluginsBootstrapper.java:150)
[2020-04-05 12:34:57,287][INFO ][restartedMain] Scanning for api listing references (ApiListingReferenceScanner.java:41)
[2020-04-05 12:34:57,406][INFO ][restartedMain] Starting ProtocolHandler ["http-nio-8181"] (DirectJDKLog.java:173)
[2020-04-05 12:34:57,422][INFO ][restartedMain] Tomcat started on port(s): 8181 (http) with context path '' (TomcatWebServer.java:204)
[2020-04-05 12:34:57,424][INFO ][restartedMain] Started HottableApplication in 2.348 seconds (JVM running for 3.708) (StartupInfoLogger.java:61)
[2020-04-05 12:35:27,319][INFO ][restartedMain] Starting HottableApplication on zwt with PID 18456 (D:\供热系统\hottable\target\classes started by 张文焘 in D:\供热系统\hottable) (StartupInfoLogger.java:55)
[2020-04-05 12:35:27,327][INFO ][restartedMain] No active profile set, falling back to default profiles: default (SpringApplication.java:651)
[2020-04-05 12:35:27,363][INFO ][restartedMain] Devtools property defaults active! Set 'spring.devtools.add-properties' to 'false' to disable (DeferredLog.java:225)
[2020-04-05 12:35:27,364][INFO ][restartedMain] For additional web related logging consider setting the 'logging.level.web' property to 'DEBUG' (DeferredLog.java:225)
[2020-04-05 12:35:28,366][INFO ][restartedMain] Tomcat initialized with port(s): 8181 (http) (TomcatWebServer.java:92)
[2020-04-05 12:35:28,373][INFO ][restartedMain] Initializing ProtocolHandler ["http-nio-8181"] (DirectJDKLog.java:173)
[2020-04-05 12:35:28,374][INFO ][restartedMain] Starting service [Tomcat] (DirectJDKLog.java:173)
[2020-04-05 12:35:28,375][INFO ][restartedMain] Starting Servlet engine: [Apache Tomcat/9.0.33] (DirectJDKLog.java:173)
[2020-04-05 12:35:28,444][INFO ][restartedMain] Initializing Spring embedded WebApplicationContext (DirectJDKLog.java:173)
[2020-04-05 12:35:28,444][INFO ][restartedMain] Root WebApplicationContext: initialization completed in 1080 ms (ServletWebServerApplicationContext.java:284)
[2020-04-05 12:35:28,984][INFO ][restartedMain] Mapped URL path [/v2/api-docs] onto method [springfox.documentation.swagger2.web.Swagger2Controller#getDocumentation(String, HttpServletRequest)] (PropertySourcedRequestMappingHandlerMapping.java:69)
[2020-04-05 12:35:29,050][INFO ][restartedMain] Initializing ExecutorService 'applicationTaskExecutor' (ExecutorConfigurationSupport.java:181)
[2020-04-05 12:35:29,077][INFO ][restartedMain] LiveReload server is running on port 35729 (OptionalLiveReloadServer.java:58)
[2020-04-05 12:35:29,175][INFO ][restartedMain] Context refreshed (DocumentationPluginsBootstrapper.java:147)
[2020-04-05 12:35:29,186][INFO ][restartedMain] Found 1 custom documentation plugin(s) (DocumentationPluginsBootstrapper.java:150)
[2020-04-05 12:35:29,209][INFO ][restartedMain] Scanning for api listing references (ApiListingReferenceScanner.java:41)
[2020-04-05 12:35:29,327][INFO ][restartedMain] Starting ProtocolHandler ["http-nio-8181"] (DirectJDKLog.java:173)
[2020-04-05 12:35:29,343][INFO ][restartedMain] Tomcat started on port(s): 8181 (http) with context path '' (TomcatWebServer.java:204)
[2020-04-05 12:35:29,345][INFO ][restartedMain] Started HottableApplication in 2.305 seconds (JVM running for 3.677) (StartupInfoLogger.java:61)
[2020-04-05 12:36:53,111][INFO ][restartedMain] Starting HottableApplication on zwt with PID 16648 (D:\供热系统\hottable\target\classes started by 张文焘 in D:\供热系统\hottable) (StartupInfoLogger.java:55)
[2020-04-05 12:36:53,117][INFO ][restartedMain] No active profile set, falling back to default profiles: default (SpringApplication.java:651)
[2020-04-05 12:36:53,151][INFO ][restartedMain] Devtools property defaults active! Set 'spring.devtools.add-properties' to 'false' to disable (DeferredLog.java:225)
[2020-04-05 12:36:53,152][INFO ][restartedMain] For additional web related logging consider setting the 'logging.level.web' property to 'DEBUG' (DeferredLog.java:225)
[2020-04-05 12:36:54,162][INFO ][restartedMain] Tomcat initialized with port(s): 8181 (http) (TomcatWebServer.java:92)
[2020-04-05 12:36:54,169][INFO ][restartedMain] Initializing ProtocolHandler ["http-nio-8181"] (DirectJDKLog.java:173)
[2020-04-05 12:36:54,169][INFO ][restartedMain] Starting service [Tomcat] (DirectJDKLog.java:173)
[2020-04-05 12:36:54,170][INFO ][restartedMain] Starting Servlet engine: [Apache Tomcat/9.0.33] (DirectJDKLog.java:173)
[2020-04-05 12:36:54,237][INFO ][restartedMain] Initializing Spring embedded WebApplicationContext (DirectJDKLog.java:173)
[2020-04-05 12:36:54,238][INFO ][restartedMain] Root WebApplicationContext: initialization completed in 1085 ms (ServletWebServerApplicationContext.java:284)
[2020-04-05 12:36:54,788][INFO ][restartedMain] Mapped URL path [/v2/api-docs] onto method [springfox.documentation.swagger2.web.Swagger2Controller#getDocumentation(String, HttpServletRequest)] (PropertySourcedRequestMappingHandlerMapping.java:69)
[2020-04-05 12:36:54,855][INFO ][restartedMain] Initializing ExecutorService 'applicationTaskExecutor' (ExecutorConfigurationSupport.java:181)
[2020-04-05 12:36:54,882][INFO ][restartedMain] LiveReload server is running on port 35729 (OptionalLiveReloadServer.java:58)
[2020-04-05 12:36:54,981][INFO ][restartedMain] Context refreshed (DocumentationPluginsBootstrapper.java:147)
[2020-04-05 12:36:54,992][INFO ][restartedMain] Found 1 custom documentation plugin(s) (DocumentationPluginsBootstrapper.java:150)
[2020-04-05 12:36:55,018][INFO ][restartedMain] Scanning for api listing references (ApiListingReferenceScanner.java:41)
[2020-04-05 12:36:55,138][INFO ][restartedMain] Starting ProtocolHandler ["http-nio-8181"] (DirectJDKLog.java:173)
[2020-04-05 12:36:55,155][INFO ][restartedMain] Tomcat started on port(s): 8181 (http) with context path '' (TomcatWebServer.java:204)
[2020-04-05 12:36:55,157][INFO ][restartedMain] Started HottableApplication in 2.336 seconds (JVM running for 3.671) (StartupInfoLogger.java:61)
[2020-04-05 12:37:18,569][INFO ][restartedMain] Starting HottableApplication on zwt with PID 8236 (D:\供热系统\hottable\target\classes started by 张文焘 in D:\供热系统\hottable) (StartupInfoLogger.java:55)
[2020-04-05 12:37:18,575][INFO ][restartedMain] No active profile set, falling back to default profiles: default (SpringApplication.java:651)
[2020-04-05 12:37:18,610][INFO ][restartedMain] Devtools property defaults active! Set 'spring.devtools.add-properties' to 'false' to disable (DeferredLog.java:225)
[2020-04-05 12:37:18,610][INFO ][restartedMain] For additional web related logging consider setting the 'logging.level.web' property to 'DEBUG' (DeferredLog.java:225)
[2020-04-05 12:37:19,612][INFO ][restartedMain] Tomcat initialized with port(s): 8181 (http) (TomcatWebServer.java:92)
[2020-04-05 12:37:19,619][INFO ][restartedMain] Initializing ProtocolHandler ["http-nio-8181"] (DirectJDKLog.java:173)
[2020-04-05 12:37:19,620][INFO ][restartedMain] Starting service [Tomcat] (DirectJDKLog.java:173)
[2020-04-05 12:37:19,620][INFO ][restartedMain] Starting Servlet engine: [Apache Tomcat/9.0.33] (DirectJDKLog.java:173)
[2020-04-05 12:37:19,688][INFO ][restartedMain] Initializing Spring embedded WebApplicationContext (DirectJDKLog.java:173)
[2020-04-05 12:37:19,688][INFO ][restartedMain] Root WebApplicationContext: initialization completed in 1077 ms (ServletWebServerApplicationContext.java:284)
[2020-04-05 12:37:20,221][INFO ][restartedMain] Mapped URL path [/v2/api-docs] onto method [springfox.documentation.swagger2.web.Swagger2Controller#getDocumentation(String, HttpServletRequest)] (PropertySourcedRequestMappingHandlerMapping.java:69)
[2020-04-05 12:37:20,288][INFO ][restartedMain] Initializing ExecutorService 'applicationTaskExecutor' (ExecutorConfigurationSupport.java:181)
[2020-04-05 12:37:20,316][INFO ][restartedMain] LiveReload server is running on port 35729 (OptionalLiveReloadServer.java:58)
[2020-04-05 12:37:20,413][INFO ][restartedMain] Context refreshed (DocumentationPluginsBootstrapper.java:147)
[2020-04-05 12:37:20,424][INFO ][restartedMain] Found 1 custom documentation plugin(s) (DocumentationPluginsBootstrapper.java:150)
[2020-04-05 12:37:20,448][INFO ][restartedMain] Scanning for api listing references (ApiListingReferenceScanner.java:41)
[2020-04-05 12:37:20,562][INFO ][restartedMain] Starting ProtocolHandler ["http-nio-8181"] (DirectJDKLog.java:173)
[2020-04-05 12:37:20,577][INFO ][restartedMain] Tomcat started on port(s): 8181 (http) with context path '' (TomcatWebServer.java:204)
[2020-04-05 12:37:20,580][INFO ][restartedMain] Started HottableApplication in 2.296 seconds (JVM running for 3.637) (StartupInfoLogger.java:61)
[2020-04-05 12:37:33,920][INFO ][restartedMain] Starting HottableApplication on zwt with PID 13120 (D:\供热系统\hottable\target\classes started by 张文焘 in D:\供热系统\hottable) (StartupInfoLogger.java:55)
[2020-04-05 12:37:33,928][INFO ][restartedMain] No active profile set, falling back to default profiles: default (SpringApplication.java:651)
[2020-04-05 12:37:33,964][INFO ][restartedMain] Devtools property defaults active! Set 'spring.devtools.add-properties' to 'false' to disable (DeferredLog.java:225)
[2020-04-05 12:37:33,964][INFO ][restartedMain] For additional web related logging consider setting the 'logging.level.web' property to 'DEBUG' (DeferredLog.java:225)
[2020-04-05 12:37:35,020][INFO ][restartedMain] Tomcat initialized with port(s): 8181 (http) (TomcatWebServer.java:92)
[2020-04-05 12:37:35,027][INFO ][restartedMain] Initializing ProtocolHandler ["http-nio-8181"] (DirectJDKLog.java:173)
[2020-04-05 12:37:35,028][INFO ][restartedMain] Starting service [Tomcat] (DirectJDKLog.java:173)
[2020-04-05 12:37:35,028][INFO ][restartedMain] Starting Servlet engine: [Apache Tomcat/9.0.33] (DirectJDKLog.java:173)
[2020-04-05 12:37:35,098][INFO ][restartedMain] Initializing Spring embedded WebApplicationContext (DirectJDKLog.java:173)
[2020-04-05 12:37:35,098][INFO ][restartedMain] Root WebApplicationContext: initialization completed in 1134 ms (ServletWebServerApplicationContext.java:284)
[2020-04-05 12:37:35,694][INFO ][restartedMain] Mapped URL path [/v2/api-docs] onto method [springfox.documentation.swagger2.web.Swagger2Controller#getDocumentation(String, HttpServletRequest)] (PropertySourcedRequestMappingHandlerMapping.java:69)
[2020-04-05 12:37:35,791][INFO ][restartedMain] Initializing ExecutorService 'applicationTaskExecutor' (ExecutorConfigurationSupport.java:181)
[2020-04-05 12:37:35,847][INFO ][restartedMain] LiveReload server is running on port 35729 (OptionalLiveReloadServer.java:58)
[2020-04-05 12:37:35,969][INFO ][restartedMain] Context refreshed (DocumentationPluginsBootstrapper.java:147)
[2020-04-05 12:37:35,981][INFO ][restartedMain] Found 1 custom documentation plugin(s) (DocumentationPluginsBootstrapper.java:150)
[2020-04-05 12:37:36,007][INFO ][restartedMain] Scanning for api listing references (ApiListingReferenceScanner.java:41)
[2020-04-05 12:37:36,141][INFO ][restartedMain] Starting ProtocolHandler ["http-nio-8181"] (DirectJDKLog.java:173)
[2020-04-05 12:37:36,164][INFO ][restartedMain] Tomcat started on port(s): 8181 (http) with context path '' (TomcatWebServer.java:204)
[2020-04-05 12:37:36,167][INFO ][restartedMain] Started HottableApplication in 2.528 seconds (JVM running for 3.963) (StartupInfoLogger.java:61)
[2020-04-05 12:37:43,850][INFO ][restartedMain] Starting HottableApplication on zwt with PID 3716 (D:\供热系统\hottable\target\classes started by 张文焘 in D:\供热系统\hottable) (StartupInfoLogger.java:55)
[2020-04-05 12:37:43,860][INFO ][restartedMain] No active profile set, falling back to default profiles: default (SpringApplication.java:651)
[2020-04-05 12:37:43,912][INFO ][restartedMain] Devtools property defaults active! Set 'spring.devtools.add-properties' to 'false' to disable (DeferredLog.java:225)
[2020-04-05 12:37:43,913][INFO ][restartedMain] For additional web related logging consider setting the 'logging.level.web' property to 'DEBUG' (DeferredLog.java:225)
[2020-04-05 12:37:45,239][INFO ][restartedMain] Tomcat initialized with port(s): 8181 (http) (TomcatWebServer.java:92)
[2020-04-05 12:37:45,247][INFO ][restartedMain] Initializing ProtocolHandler ["http-nio-8181"] (DirectJDKLog.java:173)
[2020-04-05 12:37:45,248][INFO ][restartedMain] Starting service [Tomcat] (DirectJDKLog.java:173)
[2020-04-05 12:37:45,248][INFO ][restartedMain] Starting Servlet engine: [Apache Tomcat/9.0.33] (DirectJDKLog.java:173)
[2020-04-05 12:37:45,330][INFO ][restartedMain] Initializing Spring embedded WebApplicationContext (DirectJDKLog.java:173)
[2020-04-05 12:37:45,331][INFO ][restartedMain] Root WebApplicationContext: initialization completed in 1418 ms (ServletWebServerApplicationContext.java:284)
[2020-04-05 12:37:46,056][INFO ][restartedMain] Mapped URL path [/v2/api-docs] onto method [springfox.documentation.swagger2.web.Swagger2Controller#getDocumentation(String, HttpServletRequest)] (PropertySourcedRequestMappingHandlerMapping.java:69)
[2020-04-05 12:37:46,141][INFO ][restartedMain] Initializing ExecutorService 'applicationTaskExecutor' (ExecutorConfigurationSupport.java:181)
[2020-04-05 12:37:46,178][INFO ][restartedMain] LiveReload server is running on port 35729 (OptionalLiveReloadServer.java:58)
[2020-04-05 12:37:46,297][INFO ][restartedMain] Context refreshed (DocumentationPluginsBootstrapper.java:147)
[2020-04-05 12:37:46,311][INFO ][restartedMain] Found 1 custom documentation plugin(s) (DocumentationPluginsBootstrapper.java:150)
[2020-04-05 12:37:46,343][INFO ][restartedMain] Scanning for api listing references (ApiListingReferenceScanner.java:41)
[2020-04-05 12:37:46,484][INFO ][restartedMain] Starting ProtocolHandler ["http-nio-8181"] (DirectJDKLog.java:173)
[2020-04-05 12:37:46,504][INFO ][restartedMain] Tomcat started on port(s): 8181 (http) with context path '' (TomcatWebServer.java:204)
[2020-04-05 12:37:46,507][INFO ][restartedMain] Started HottableApplication in 3.022 seconds (JVM running for 5.186) (StartupInfoLogger.java:61)
[2020-04-05 12:39:20,589][INFO ][http-nio-8181-exec-1] Initializing Spring DispatcherServlet 'dispatcherServlet' (DirectJDKLog.java:173)
[2020-04-05 12:39:20,589][INFO ][http-nio-8181-exec-1] Initializing Servlet 'dispatcherServlet' (FrameworkServlet.java:525)
[2020-04-05 12:39:20,596][INFO ][http-nio-8181-exec-1] Completed initialization in 6 ms (FrameworkServlet.java:547)
[2020-04-05 12:39:20,708][INFO ][http-nio-8181-exec-2] HikariPool-1 - Starting... (HikariDataSource.java:110)
[2020-04-05 12:39:20,851][INFO ][http-nio-8181-exec-2] HikariPool-1 - Start completed. (HikariDataSource.java:123)
[2020-04-05 13:22:48,443][INFO ][restartedMain] Starting HottableApplication on zwt with PID 19228 (D:\供热系统\hottable\target\classes started by 张文焘 in D:\供热系统\hottable) (StartupInfoLogger.java:55)
[2020-04-05 13:22:48,450][INFO ][restartedMain] No active profile set, falling back to default profiles: default (SpringApplication.java:651)
[2020-04-05 13:22:48,485][INFO ][restartedMain] Devtools property defaults active! Set 'spring.devtools.add-properties' to 'false' to disable (DeferredLog.java:225)
[2020-04-05 13:22:48,486][INFO ][restartedMain] For additional web related logging consider setting the 'logging.level.web' property to 'DEBUG' (DeferredLog.java:225)
[2020-04-05 13:22:49,563][INFO ][restartedMain] Tomcat initialized with port(s): 8181 (http) (TomcatWebServer.java:92)
[2020-04-05 13:22:49,570][INFO ][restartedMain] Initializing ProtocolHandler ["http-nio-8181"] (DirectJDKLog.java:173)
[2020-04-05 13:22:49,570][INFO ][restartedMain] Starting service [Tomcat] (DirectJDKLog.java:173)
[2020-04-05 13:22:49,571][INFO ][restartedMain] Starting Servlet engine: [Apache Tomcat/9.0.33] (DirectJDKLog.java:173)
[2020-04-05 13:22:49,649][INFO ][restartedMain] Initializing Spring embedded WebApplicationContext (DirectJDKLog.java:173)
[2020-04-05 13:22:49,650][INFO ][restartedMain] Root WebApplicationContext: initialization completed in 1163 ms (ServletWebServerApplicationContext.java:284)
[2020-04-05 13:22:50,251][INFO ][restartedMain] Mapped URL path [/v2/api-docs] onto method [springfox.documentation.swagger2.web.Swagger2Controller#getDocumentation(String, HttpServletRequest)] (PropertySourcedRequestMappingHandlerMapping.java:69)
[2020-04-05 13:22:50,318][INFO ][restartedMain] Initializing ExecutorService 'applicationTaskExecutor' (ExecutorConfigurationSupport.java:181)
[2020-04-05 13:22:50,350][INFO ][restartedMain] LiveReload server is running on port 35729 (OptionalLiveReloadServer.java:58)
[2020-04-05 13:22:50,451][INFO ][restartedMain] Context refreshed (DocumentationPluginsBootstrapper.java:147)
[2020-04-05 13:22:50,465][INFO ][restartedMain] Found 1 custom documentation plugin(s) (DocumentationPluginsBootstrapper.java:150)
[2020-04-05 13:22:50,491][INFO ][restartedMain] Scanning for api listing references (ApiListingReferenceScanner.java:41)
[2020-04-05 13:22:50,611][INFO ][restartedMain] Starting ProtocolHandler ["http-nio-8181"] (DirectJDKLog.java:173)
[2020-04-05 13:22:50,628][INFO ][restartedMain] Tomcat started on port(s): 8181 (http) with context path '' (TomcatWebServer.java:204)
[2020-04-05 13:22:50,630][INFO ][restartedMain] Started HottableApplication in 2.49 seconds (JVM running for 3.873) (StartupInfoLogger.java:61)
